----------------------------------------------------------------
2013-03-19 14:15:16.032 GMT:
 Booting Derby version The Apache Software Foundation - Apache Derby - 10.5.3.0 - (802917): instance a816c00e-013d-8301-07d0-00000cb54f38
on database directory D:\source\adamcin_github\net.adamcin.commons.slingjunit\target\vltpack\vault-inf\definitionRepo\version\db  

Database Class Loader started - derby.database.classpath=''
----------------------------------------------------------------
2013-03-19 14:15:19.846 GMT:
 Booting Derby version The Apache Software Foundation - Apache Derby - 10.5.3.0 - (802917): instance 9a4840c2-013d-8301-07d0-00000cb54f38
on database directory D:\source\adamcin_github\net.adamcin.commons.slingjunit\target\vltpack\vault-inf\definitionRepo\workspaces\default\db  

Database Class Loader started - derby.database.classpath=''
----------------------------------------------------------------
2013-03-19 14:15:26.138 GMT:
 Booting Derby version The Apache Software Foundation - Apache Derby - 10.5.3.0 - (802917): instance 21518184-013d-8301-07d0-00000cb54f38
on database directory D:\source\adamcin_github\net.adamcin.commons.slingjunit\target\vltpack\vault-inf\definitionRepo\workspaces\security\db  

Database Class Loader started - derby.database.classpath=''

2013-03-19 14:15:31.193 GMT:
Shutting down instance 9a4840c2-013d-8301-07d0-00000cb54f38
----------------------------------------------------------------

2013-03-19 14:15:31.406 GMT:
Shutting down instance 21518184-013d-8301-07d0-00000cb54f38
----------------------------------------------------------------

2013-03-19 14:15:31.458 GMT:
Shutting down instance a816c00e-013d-8301-07d0-00000cb54f38
----------------------------------------------------------------
